<?xml version="1.0" encoding="UTF-8"?>
<!-- Generated by org.testng.reporters.JUnitReportReporter -->
<testsuite hostname="DESKTOP-7VUP4H3" failures="0" tests="1" name="tests.LogInTest" time="9.726" errors="0" timestamp="2022-01-07T17:43:40 CET" skipped="0">
  <testcase classname="tests.LogInTest" name="logInValidCredentials" time="9.726"/>
  <system-out/>
</testsuite> <!-- tests.LogInTest -->
