<?xml version="1.0" encoding="UTF-8"?>
<!-- Generated by org.testng.reporters.JUnitReportReporter -->
<testsuite hostname="DESKTOP-7VUP4H3" failures="0" tests="1" name="tests.AddToCartTest" time="13.421" errors="0" timestamp="2022-01-07T21:34:05 CET" skipped="0">
  <testcase classname="tests.AddToCartTest" name="addOneProductToCart" time="13.421"/>
  <system-out/>
</testsuite> <!-- tests.AddToCartTest -->
